  Game.cpp
C:\Opencv 3.1\opencv\build\include\opencv2/core/mat.hpp(1965): warning C4819: The file contains a character that cannot be represented in the current code page (932). Save the file in Unicode format to prevent data loss
C:\Opencv 3.1\opencv\build\include\opencv2/core/persistence.hpp : warning C4819: The file contains a character that cannot be represented in the current code page (932). Save the file in Unicode format to prevent data loss
C:\Opencv 3.1\opencv\build\include\opencv2/core/utility.hpp : warning C4819: The file contains a character that cannot be represented in the current code page (932). Save the file in Unicode format to prevent data loss
C:\Opencv 3.1\opencv\build\include\opencv2/core/utility.hpp : warning C4819: The file contains a character that cannot be represented in the current code page (932). Save the file in Unicode format to prevent data loss
c:\users\grant\documents\visual studio 2015\projects\finalproj\finalproj\ButtonAction.h(16): warning C4091: 'static ': ignored on left of 'ButtonActions' when no variable is declared
c:\users\grant\documents\visual studio 2015\projects\finalproj\finalproj\CameraCalibration.h(32): warning C4091: 'static ': ignored on left of 'CameraCalibration' when no variable is declared
Game.cpp(26): warning C4018: '<': signed/unsigned mismatch
Game.cpp(52): warning C4018: '<': signed/unsigned mismatch
Game.cpp(95): warning C4018: '<': signed/unsigned mismatch
Game.cpp(100): warning C4018: '<': signed/unsigned mismatch
Game.cpp(165): warning C4018: '<': signed/unsigned mismatch
  Menu.cpp
c:\users\grant\documents\visual studio 2015\projects\finalproj\finalproj\ButtonAction.h(16): warning C4091: 'static ': ignored on left of 'ButtonActions' when no variable is declared
C:\Opencv 3.1\opencv\build\include\opencv2/core/mat.hpp(1965): warning C4819: The file contains a character that cannot be represented in the current code page (932). Save the file in Unicode format to prevent data loss
C:\Opencv 3.1\opencv\build\include\opencv2/core/persistence.hpp : warning C4819: The file contains a character that cannot be represented in the current code page (932). Save the file in Unicode format to prevent data loss
C:\Opencv 3.1\opencv\build\include\opencv2/core/utility.hpp : warning C4819: The file contains a character that cannot be represented in the current code page (932). Save the file in Unicode format to prevent data loss
C:\Opencv 3.1\opencv\build\include\opencv2/core/utility.hpp : warning C4819: The file contains a character that cannot be represented in the current code page (932). Save the file in Unicode format to prevent data loss
c:\users\grant\documents\visual studio 2015\projects\finalproj\finalproj\CameraCalibration.h(32): warning C4091: 'static ': ignored on left of 'CameraCalibration' when no variable is declared
Menu.cpp(25): warning C4018: '<': signed/unsigned mismatch
  Generating code
  13 of 543 functions ( 2.4%) were compiled, the rest were copied from previous compilation.
    0 functions were new in current compilation
    16 functions had inline decision re-evaluated but remain unchanged
  Finished generating code
  FinalProj.vcxproj -> C:\Users\Grant\documents\visual studio 2015\Projects\FinalProj\Release\FinalProj.exe
