  CameraCalibration.cpp
c:\opencv 3.1\opencv\build\include\opencv2\core\mat.hpp(1965): warning C4819: The file contains a character that cannot be represented in the current code page (932). Save the file in Unicode format to prevent data loss
c:\opencv 3.1\opencv\build\include\opencv2\core\persistence.hpp : warning C4819: The file contains a character that cannot be represented in the current code page (932). Save the file in Unicode format to prevent data loss
c:\opencv 3.1\opencv\build\include\opencv2\core\utility.hpp : warning C4819: The file contains a character that cannot be represented in the current code page (932). Save the file in Unicode format to prevent data loss
c:\opencv 3.1\opencv\build\include\opencv2\core\utility.hpp : warning C4819: The file contains a character that cannot be represented in the current code page (932). Save the file in Unicode format to prevent data loss
c:\users\grant\documents\visual studio 2015\projects\finalproj\finalproj\cameracalibration.cpp(90): warning C4305: 'argument': truncation from 'int' to 'bool'
  Generating Code...
  Compiling...
  main.cpp
c:\opencv 3.1\opencv\build\include\opencv2\core\mat.hpp(1965): warning C4819: The file contains a character that cannot be represented in the current code page (932). Save the file in Unicode format to prevent data loss
c:\opencv 3.1\opencv\build\include\opencv2\core\persistence.hpp : warning C4819: The file contains a character that cannot be represented in the current code page (932). Save the file in Unicode format to prevent data loss
c:\opencv 3.1\opencv\build\include\opencv2\core\utility.hpp : warning C4819: The file contains a character that cannot be represented in the current code page (932). Save the file in Unicode format to prevent data loss
c:\opencv 3.1\opencv\build\include\opencv2\core\utility.hpp : warning C4819: The file contains a character that cannot be represented in the current code page (932). Save the file in Unicode format to prevent data loss
c:\users\grant\documents\visual studio 2015\projects\finalproj\finalproj\main.cpp(79): warning C4305: 'argument': truncation from 'double' to 'GLfloat'
  RightSideMenu.cpp
c:\opencv 3.1\opencv\build\include\opencv2\core\mat.hpp(1965): warning C4819: The file contains a character that cannot be represented in the current code page (932). Save the file in Unicode format to prevent data loss
c:\opencv 3.1\opencv\build\include\opencv2\core\persistence.hpp : warning C4819: The file contains a character that cannot be represented in the current code page (932). Save the file in Unicode format to prevent data loss
c:\opencv 3.1\opencv\build\include\opencv2\core\utility.hpp : warning C4819: The file contains a character that cannot be represented in the current code page (932). Save the file in Unicode format to prevent data loss
c:\opencv 3.1\opencv\build\include\opencv2\core\utility.hpp : warning C4819: The file contains a character that cannot be represented in the current code page (932). Save the file in Unicode format to prevent data loss
  Menu.cpp
c:\opencv 3.1\opencv\build\include\opencv2\core\mat.hpp(1965): warning C4819: The file contains a character that cannot be represented in the current code page (932). Save the file in Unicode format to prevent data loss
c:\opencv 3.1\opencv\build\include\opencv2\core\persistence.hpp : warning C4819: The file contains a character that cannot be represented in the current code page (932). Save the file in Unicode format to prevent data loss
c:\opencv 3.1\opencv\build\include\opencv2\core\utility.hpp : warning C4819: The file contains a character that cannot be represented in the current code page (932). Save the file in Unicode format to prevent data loss
c:\opencv 3.1\opencv\build\include\opencv2\core\utility.hpp : warning C4819: The file contains a character that cannot be represented in the current code page (932). Save the file in Unicode format to prevent data loss
c:\users\grant\documents\visual studio 2015\projects\finalproj\finalproj\menu.cpp(25): warning C4018: '<': signed/unsigned mismatch
  MainMenu.cpp
c:\opencv 3.1\opencv\build\include\opencv2\core\mat.hpp(1965): warning C4819: The file contains a character that cannot be represented in the current code page (932). Save the file in Unicode format to prevent data loss
c:\opencv 3.1\opencv\build\include\opencv2\core\persistence.hpp : warning C4819: The file contains a character that cannot be represented in the current code page (932). Save the file in Unicode format to prevent data loss
c:\opencv 3.1\opencv\build\include\opencv2\core\utility.hpp : warning C4819: The file contains a character that cannot be represented in the current code page (932). Save the file in Unicode format to prevent data loss
c:\opencv 3.1\opencv\build\include\opencv2\core\utility.hpp : warning C4819: The file contains a character that cannot be represented in the current code page (932). Save the file in Unicode format to prevent data loss
  HitMarker.cpp
c:\opencv 3.1\opencv\build\include\opencv2\core\mat.hpp(1965): warning C4819: The file contains a character that cannot be represented in the current code page (932). Save the file in Unicode format to prevent data loss
c:\opencv 3.1\opencv\build\include\opencv2\core\persistence.hpp : warning C4819: The file contains a character that cannot be represented in the current code page (932). Save the file in Unicode format to prevent data loss
c:\opencv 3.1\opencv\build\include\opencv2\core\utility.hpp : warning C4819: The file contains a character that cannot be represented in the current code page (932). Save the file in Unicode format to prevent data loss
c:\opencv 3.1\opencv\build\include\opencv2\core\utility.hpp : warning C4819: The file contains a character that cannot be represented in the current code page (932). Save the file in Unicode format to prevent data loss
  GameState.cpp
c:\opencv 3.1\opencv\build\include\opencv2\core\mat.hpp(1965): warning C4819: The file contains a character that cannot be represented in the current code page (932). Save the file in Unicode format to prevent data loss
c:\opencv 3.1\opencv\build\include\opencv2\core\persistence.hpp : warning C4819: The file contains a character that cannot be represented in the current code page (932). Save the file in Unicode format to prevent data loss
c:\opencv 3.1\opencv\build\include\opencv2\core\utility.hpp : warning C4819: The file contains a character that cannot be represented in the current code page (932). Save the file in Unicode format to prevent data loss
c:\opencv 3.1\opencv\build\include\opencv2\core\utility.hpp : warning C4819: The file contains a character that cannot be represented in the current code page (932). Save the file in Unicode format to prevent data loss
  GamePlayMenu.cpp
c:\opencv 3.1\opencv\build\include\opencv2\core\mat.hpp(1965): warning C4819: The file contains a character that cannot be represented in the current code page (932). Save the file in Unicode format to prevent data loss
c:\opencv 3.1\opencv\build\include\opencv2\core\persistence.hpp : warning C4819: The file contains a character that cannot be represented in the current code page (932). Save the file in Unicode format to prevent data loss
c:\opencv 3.1\opencv\build\include\opencv2\core\utility.hpp : warning C4819: The file contains a character that cannot be represented in the current code page (932). Save the file in Unicode format to prevent data loss
c:\opencv 3.1\opencv\build\include\opencv2\core\utility.hpp : warning C4819: The file contains a character that cannot be represented in the current code page (932). Save the file in Unicode format to prevent data loss
  Game.cpp
c:\opencv 3.1\opencv\build\include\opencv2\core\mat.hpp(1965): warning C4819: The file contains a character that cannot be represented in the current code page (932). Save the file in Unicode format to prevent data loss
c:\opencv 3.1\opencv\build\include\opencv2\core\persistence.hpp : warning C4819: The file contains a character that cannot be represented in the current code page (932). Save the file in Unicode format to prevent data loss
c:\opencv 3.1\opencv\build\include\opencv2\core\utility.hpp : warning C4819: The file contains a character that cannot be represented in the current code page (932). Save the file in Unicode format to prevent data loss
c:\opencv 3.1\opencv\build\include\opencv2\core\utility.hpp : warning C4819: The file contains a character that cannot be represented in the current code page (932). Save the file in Unicode format to prevent data loss
c:\users\grant\documents\visual studio 2015\projects\finalproj\finalproj\game.cpp(15): warning C4244: 'initializing': conversion from 'float' to 'int', possible loss of data
c:\users\grant\documents\visual studio 2015\projects\finalproj\finalproj\game.cpp(17): warning C4244: '=': conversion from 'float' to 'int', possible loss of data
c:\users\grant\documents\visual studio 2015\projects\finalproj\finalproj\game.cpp(18): warning C4244: '=': conversion from 'float' to 'int', possible loss of data
c:\users\grant\documents\visual studio 2015\projects\finalproj\finalproj\game.cpp(46): warning C4018: '<': signed/unsigned mismatch
c:\users\grant\documents\visual studio 2015\projects\finalproj\finalproj\game.cpp(48): warning C4244: 'argument': conversion from 'float' to 'int', possible loss of data
c:\users\grant\documents\visual studio 2015\projects\finalproj\finalproj\game.cpp(72): warning C4018: '<': signed/unsigned mismatch
c:\users\grant\documents\visual studio 2015\projects\finalproj\finalproj\game.cpp(341): warning C4018: '<': signed/unsigned mismatch
c:\users\grant\documents\visual studio 2015\projects\finalproj\finalproj\game.cpp(346): warning C4305: 'argument': truncation from 'int' to 'bool'
c:\users\grant\documents\visual studio 2015\projects\finalproj\finalproj\game.cpp(355): warning C4018: '<': signed/unsigned mismatch
c:\users\grant\documents\visual studio 2015\projects\finalproj\finalproj\game.cpp(382): warning C4018: '<': signed/unsigned mismatch
c:\users\grant\documents\visual studio 2015\projects\finalproj\finalproj\game.cpp(387): warning C4018: '<': signed/unsigned mismatch
c:\users\grant\documents\visual studio 2015\projects\finalproj\finalproj\game.cpp(441): warning C4244: 'argument': conversion from 'float' to 'GLint', possible loss of data
c:\users\grant\documents\visual studio 2015\projects\finalproj\finalproj\game.cpp(466): warning C4018: '<': signed/unsigned mismatch
c:\users\grant\documents\visual studio 2015\projects\finalproj\finalproj\game.cpp(476): warning C4244: 'initializing': conversion from 'float' to 'int', possible loss of data
c:\users\grant\documents\visual studio 2015\projects\finalproj\finalproj\game.cpp(482): warning C4244: 'initializing': conversion from 'double' to 'int', possible loss of data
c:\users\grant\documents\visual studio 2015\projects\finalproj\finalproj\game.cpp(511): warning C4244: 'initializing': conversion from 'double' to 'int', possible loss of data
c:\users\grant\documents\visual studio 2015\projects\finalproj\finalproj\game.cpp(512): warning C4018: '>': signed/unsigned mismatch
  Generating Code...
  FinalProj.vcxproj -> C:\Users\Grant\Documents\Visual Studio 2015\Projects\FinalProj\Debug\FinalProj.exe
